2021-01-31 20:51:57.648 INFO  a.g.spring_exp.SpringExpApplication - Starting SpringExpApplication using Java 14.0.1 on DESKTOP-HV98VPO with PID 174124 (C:\Users\Arthur\Desktop\spring_exp\target\classes started by Arthur in C:\Users\Arthur\Desktop\spring_exp)
2021-01-31 20:51:57.652 INFO  a.g.spring_exp.SpringExpApplication - No active profile set, falling back to default profiles: default
2021-01-31 20:51:57.770 INFO  o.s.b.d.e.DevToolsPropertyDefaultsPostProcessor - Devtools property defaults active! Set 'spring.devtools.add-properties' to 'false' to disable
2021-01-31 20:51:57.771 INFO  o.s.b.d.e.DevToolsPropertyDefaultsPostProcessor - For additional web related logging consider setting the 'logging.level.web' property to 'DEBUG'
2021-01-31 20:51:58.676 INFO  o.s.d.r.c.RepositoryConfigurationDelegate - Multiple Spring Data modules found, entering strict repository configuration mode!
2021-01-31 20:51:58.676 INFO  o.s.d.r.c.RepositoryConfigurationDelegate - Bootstrapping Spring Data JPA repositories in DEFAULT mode.
2021-01-31 20:51:58.731 INFO  o.s.d.r.c.RepositoryConfigurationExtensionSupport - Spring Data JPA - Could not safely identify store assignment for repository candidate interface am.gitc.spring_exp.repositories.UserRepository. If you want this repository to be a JPA repository, consider annotating your entities with one of these annotations: javax.persistence.Entity, javax.persistence.MappedSuperclass (preferred), or consider extending one of the following types with your repository: org.springframework.data.jpa.repository.JpaRepository.
2021-01-31 20:51:58.732 INFO  o.s.d.r.c.RepositoryConfigurationDelegate - Finished Spring Data repository scanning in 47 ms. Found 0 JPA repository interfaces.
2021-01-31 20:51:58.760 INFO  o.s.d.r.c.RepositoryConfigurationDelegate - Multiple Spring Data modules found, entering strict repository configuration mode!
2021-01-31 20:51:58.761 INFO  o.s.d.r.c.RepositoryConfigurationDelegate - Bootstrapping Spring Data MongoDB repositories in DEFAULT mode.
2021-01-31 20:51:58.791 INFO  o.s.d.r.c.RepositoryConfigurationDelegate - Finished Spring Data repository scanning in 30 ms. Found 1 MongoDB repository interfaces.
2021-01-31 20:51:59.618 INFO  o.s.b.w.e.tomcat.TomcatWebServer - Tomcat initialized with port(s): 8080 (http)
2021-01-31 20:51:59.628 INFO  o.a.coyote.http11.Http11NioProtocol - Initializing ProtocolHandler ["http-nio-8080"]
2021-01-31 20:51:59.629 INFO  o.a.catalina.core.StandardService - Starting service [Tomcat]
2021-01-31 20:51:59.629 INFO  o.a.catalina.core.StandardEngine - Starting Servlet engine: [Apache Tomcat/9.0.41]
2021-01-31 20:51:59.745 INFO  o.a.c.c.C.[Tomcat].[localhost].[/] - Initializing Spring embedded WebApplicationContext
2021-01-31 20:51:59.745 INFO  o.s.b.w.s.c.ServletWebServerApplicationContext - Root WebApplicationContext: initialization completed in 1970 ms
2021-01-31 20:52:00.006 INFO  o.h.jpa.internal.util.LogHelper - HHH000204: Processing PersistenceUnitInfo [name: default]
2021-01-31 20:52:00.073 INFO  org.hibernate.Version - HHH000412: Hibernate ORM core version 5.4.27.Final
2021-01-31 20:52:00.202 INFO  o.h.annotations.common.Version - HCANN000001: Hibernate Commons Annotations {5.1.2.Final}
2021-01-31 20:52:00.303 INFO  com.zaxxer.hikari.HikariDataSource - HikariPool-1 - Starting...
2021-01-31 20:52:00.644 INFO  com.zaxxer.hikari.HikariDataSource - HikariPool-1 - Start completed.
2021-01-31 20:52:00.656 INFO  org.hibernate.dialect.Dialect - HHH000400: Using dialect: org.hibernate.dialect.MySQL5Dialect
2021-01-31 20:52:00.933 INFO  o.h.e.t.j.p.i.JtaPlatformInitiator - HHH000490: Using JtaPlatform implementation: [org.hibernate.engine.transaction.jta.platform.internal.NoJtaPlatform]
2021-01-31 20:52:00.946 INFO  o.s.o.j.LocalContainerEntityManagerFactoryBean - Initialized JPA EntityManagerFactory for persistence unit 'default'
2021-01-31 20:52:01.042 INFO  o.s.b.d.a.OptionalLiveReloadServer - LiveReload server is running on port 35729
2021-01-31 20:52:01.243 INFO  org.mongodb.driver.cluster - Cluster created with settings {hosts=[localhost:27017], mode=SINGLE, requiredClusterType=UNKNOWN, serverSelectionTimeout='30000 ms'}
2021-01-31 20:52:01.297 INFO  org.mongodb.driver.connection - Opened connection [connectionId{localValue:1, serverValue:250}] to localhost:27017
2021-01-31 20:52:01.297 INFO  org.mongodb.driver.connection - Opened connection [connectionId{localValue:2, serverValue:251}] to localhost:27017
2021-01-31 20:52:01.299 INFO  org.mongodb.driver.cluster - Monitor thread successfully connected to server with description ServerDescription{address=localhost:27017, type=STANDALONE, state=CONNECTED, ok=true, minWireVersion=0, maxWireVersion=8, maxDocumentSize=16777216, logicalSessionTimeoutMinutes=30, roundTripTimeNanos=21548900}
2021-01-31 20:52:02.099 INFO  o.s.s.c.ThreadPoolTaskExecutor - Initializing ExecutorService 'applicationTaskExecutor'
2021-01-31 20:52:02.623 INFO  o.a.coyote.http11.Http11NioProtocol - Starting ProtocolHandler ["http-nio-8080"]
2021-01-31 20:52:02.647 INFO  o.s.b.w.e.tomcat.TomcatWebServer - Tomcat started on port(s): 8080 (http) with context path ''
2021-01-31 20:52:02.661 INFO  a.g.spring_exp.SpringExpApplication - Started SpringExpApplication in 5.569 seconds (JVM running for 7.91)
2021-01-31 20:52:22.692 INFO  o.a.c.c.C.[Tomcat].[localhost].[/] - Initializing Spring DispatcherServlet 'dispatcherServlet'
2021-01-31 20:52:22.693 INFO  o.s.web.servlet.DispatcherServlet - Initializing Servlet 'dispatcherServlet'
2021-01-31 20:52:22.694 INFO  o.s.web.servlet.DispatcherServlet - Completed initialization in 1 ms
2021-01-31 20:52:22.764 INFO  org.mongodb.driver.connection - Opened connection [connectionId{localValue:3, serverValue:252}] to localhost:27017
2021-01-31 20:52:22.810 INFO  am.gitc.spring_exp.aspect.LogAspect - returning : -[UserEntity(id=60158fb74c375543a7fcab53, firstName=arthur, lastName=martirosyan, email=arthur@mail.ru, password=123456789), UserEntity(id=6016694041d1cc64ea9d5f07, firstName=james, lastName=bond, email=james@mail.ru, password=123456789), UserEntity(id=601669be7e6fd637797420ca, firstName=armen, lastName=grigoryan, email=armen@mail.ru, password=123), UserEntity(id=60166a2f3c3b1357beb18ef8, firstName=john, lastName=smith, email=john@mail.ru, password=123456789), UserEntity(id=6016c43663f4fb5202115e02, firstName=gago, lastName=Martirosyan, email=gago@mail.ru, password=123)]
2021-01-31 20:52:22.812 INFO  am.gitc.spring_exp.aspect.LogAspect - after : {-getAll-} args=[]
2021-01-31 20:52:22.815 INFO  am.gitc.spring_exp.aspect.LogAspect - Around Execution of method {-getAll-} took 97 ms
2021-01-31 20:53:06.828 INFO  am.gitc.spring_exp.aspect.LogAspect - returning : -UserEntity(id=6016c43663f4fb5202115e02, firstName=gago, lastName=Martirosyan, email=gago@mail.ru, password=123)
2021-01-31 20:53:06.829 INFO  am.gitc.spring_exp.aspect.LogAspect - after : {-getUserByEmail-} args=[gago@mail.ru]
2021-01-31 20:53:06.829 INFO  am.gitc.spring_exp.aspect.LogAspect - Around Execution of method {-getUserByEmail-} took 21 ms
2021-01-31 20:53:06.849 INFO  am.gitc.spring_exp.aspect.LogAspect - returning : -[UserEntity(id=60158fb74c375543a7fcab53, firstName=arthur, lastName=martirosyan, email=arthur@mail.ru, password=123456789), UserEntity(id=6016694041d1cc64ea9d5f07, firstName=james, lastName=bond, email=james@mail.ru, password=123456789), UserEntity(id=601669be7e6fd637797420ca, firstName=armen, lastName=grigoryan, email=armen@mail.ru, password=123), UserEntity(id=60166a2f3c3b1357beb18ef8, firstName=john, lastName=smith, email=john@mail.ru, password=123456789), UserEntity(id=6016c43663f4fb5202115e02, firstName=gago, lastName=Martirosyan, email=gago@mail.ru, password=123)]
2021-01-31 20:53:06.850 INFO  am.gitc.spring_exp.aspect.LogAspect - after : {-getAll-} args=[]
2021-01-31 20:53:06.850 INFO  am.gitc.spring_exp.aspect.LogAspect - Around Execution of method {-getAll-} took 3 ms
2021-01-31 20:54:40.516 INFO  am.gitc.spring_exp.aspect.LogAspect - returning : return try void
2021-01-31 20:54:40.517 INFO  am.gitc.spring_exp.aspect.LogAspect - after : {-deleteUserById-} args=[6016c43663f4fb5202115e02]
2021-01-31 20:54:40.517 INFO  am.gitc.spring_exp.aspect.LogAspect - Around Execution of method {-deleteUserById-} took 23 ms
2021-01-31 20:54:40.525 INFO  am.gitc.spring_exp.aspect.LogAspect - returning : -[UserEntity(id=60158fb74c375543a7fcab53, firstName=arthur, lastName=martirosyan, email=arthur@mail.ru, password=123456789), UserEntity(id=6016694041d1cc64ea9d5f07, firstName=james, lastName=bond, email=james@mail.ru, password=123456789), UserEntity(id=601669be7e6fd637797420ca, firstName=armen, lastName=grigoryan, email=armen@mail.ru, password=123), UserEntity(id=60166a2f3c3b1357beb18ef8, firstName=john, lastName=smith, email=john@mail.ru, password=123456789)]
2021-01-31 20:54:40.525 INFO  am.gitc.spring_exp.aspect.LogAspect - after : {-getAll-} args=[]
2021-01-31 20:54:40.525 INFO  am.gitc.spring_exp.aspect.LogAspect - Around Execution of method {-getAll-} took 3 ms
